<?xml version="1.0" encoding="UTF-8"?>
<!-- Generated by org.testng.reporters.JUnitReportReporter -->
<testsuite hostname="LAPTOP-F8VFH2TR" name="ApiTests.AddPlaceIdTest2" tests="1" failures="0" timestamp="15 Jul 2023 08:20:39 GMT" time="2.208" errors="0">
  <testcase name="addPlace" time="2.208" classname="ApiTests.AddPlaceIdTest2"/>
</testsuite> <!-- ApiTests.AddPlaceIdTest2 -->
