<?xml version="1.0" encoding="UTF-8"?>
<!-- Generated by org.testng.reporters.JUnitReportReporter -->
<testsuite hostname="LAPTOP-F8VFH2TR" name="ApiTests.AddPlaceIdTest" tests="1" failures="0" timestamp="8 Jul 2023 09:30:41 GMT" time="1.353" errors="0">
  <testcase name="addPlace" time="1.353" classname="ApiTests.AddPlaceIdTest"/>
</testsuite> <!-- ApiTests.AddPlaceIdTest -->
