<?xml version="1.0" encoding="UTF-8"?>
<!-- Generated by org.testng.reporters.JUnitReportReporter -->
<testsuite hostname="LAPTOP-F8VFH2TR" name="ApiTests.AddPlaceId_XLTest" tests="1" failures="0" timestamp="15 Jul 2023 09:27:36 GMT" time="0.224" errors="0">
  <testcase name="addPlace" time="0.224" classname="ApiTests.AddPlaceId_XLTest"/>
</testsuite> <!-- ApiTests.AddPlaceId_XLTest -->
