<?xml version="1.0" encoding="UTF-8"?>
<!-- Generated by org.testng.reporters.JUnitReportReporter -->
<testsuite hostname="LAPTOP-F8VFH2TR" name="ApiTests.AddBookTest" tests="1" failures="0" timestamp="15 Jul 2023 13:40:28 GMT" time="2.075" errors="0">
  <testcase name="addBook" time="2.075" classname="ApiTests.AddBookTest"/>
</testsuite> <!-- ApiTests.AddBookTest -->
